[debug] [2018-10-09T17:25:38.458Z] ----------------------------------------------------------------------
[debug] [2018-10-09T17:25:38.459Z] Command:       /usr/local/bin/node /usr/local/bin/firebase serve --only functions
[debug] [2018-10-09T17:25:38.459Z] CLI Version:   5.0.1
[debug] [2018-10-09T17:25:38.459Z] Platform:      darwin
[debug] [2018-10-09T17:25:38.459Z] Node Version:  v10.1.0
[debug] [2018-10-09T17:25:38.460Z] Time:          Tue Oct 09 2018 13:25:38 GMT-0400 (EDT)
[debug] [2018-10-09T17:25:38.460Z] ----------------------------------------------------------------------
[debug] 
[debug] [2018-10-09T17:25:38.468Z] > command requires scopes: ["email","openid","https://www.googleapis.com/auth/cloudplatformprojects.readonly","https://www.googleapis.com/auth/firebase","https://www.googleapis.com/auth/cloud-platform"]
[debug] [2018-10-09T17:25:38.468Z] > authorizing via signed-in user
[debug] [2018-10-09T17:25:38.468Z] [iam] checking project pss-speed for permissions ["firebase.projects.get"]
[debug] [2018-10-09T17:25:38.470Z] > refreshing access token with scopes: ["email","https://www.googleapis.com/auth/cloud-platform","https://www.googleapis.com/auth/cloudplatformprojects.readonly","https://www.googleapis.com/auth/firebase","openid"]
[debug] [2018-10-09T17:25:38.470Z] >>> HTTP REQUEST POST https://www.googleapis.com/oauth2/v3/token  
 <request body omitted>
[debug] [2018-10-09T17:25:38.585Z] <<< HTTP RESPONSE 200
[debug] [2018-10-09T17:25:38.600Z] >>> HTTP REQUEST POST https://cloudresourcemanager.googleapis.com/v1/projects/pss-speed:testIamPermissions  

[debug] [2018-10-09T17:25:38.699Z] <<< HTTP RESPONSE 200
[debug] [2018-10-09T17:25:38.701Z] >>> HTTP REQUEST GET https://cloudresourcemanager.googleapis.com/v1/projects/pss-speed  
 
[debug] [2018-10-09T17:25:38.830Z] <<< HTTP RESPONSE 200
[info] 
[info] === Serving from '/Users/mayur_vekariya/zz/vue-hero'...
[info] 
[debug] [2018-10-09T17:25:39.595Z] Error: EACCES: permission denied, mkdir '/usr/local/lib/node_modules/firebase-tools/node_modules/@google-cloud/functions-emulator/logs'
    at Object.fs.mkdirSync (fs.js:854:3)
    at Object.assertLogsPath (/usr/local/lib/node_modules/firebase-tools/node_modules/@google-cloud/functions-emulator/src/emulator/logs.js:65:10)
    at new Controller (/usr/local/lib/node_modules/firebase-tools/node_modules/@google-cloud/functions-emulator/src/cli/controller.js:77:32)
    at FunctionsEmulator.start (/usr/local/lib/node_modules/firebase-tools/lib/functionsEmulator.js:113:21)
    at Object.start (/usr/local/lib/node_modules/firebase-tools/lib/serve/functions.js:9:29)
    at /usr/local/lib/node_modules/firebase-tools/lib/serve/index.js:17:21
    at arrayMap (/usr/local/lib/node_modules/firebase-tools/node_modules/lodash/lodash.js:639:23)
    at Function.map (/usr/local/lib/node_modules/firebase-tools/node_modules/lodash/lodash.js:9556:14)
    at _serve (/usr/local/lib/node_modules/firebase-tools/lib/serve/index.js:15:7)
    at Command._action (/usr/local/lib/node_modules/firebase-tools/commands/serve.js:47:12)
[error] 
[error] Error: An unexpected error has occurred.
[debug] [2018-10-09T17:27:41.865Z] ----------------------------------------------------------------------
[debug] [2018-10-09T17:27:41.866Z] Command:       /usr/local/bin/node /usr/local/bin/firebase serve
[debug] [2018-10-09T17:27:41.866Z] CLI Version:   5.0.1
[debug] [2018-10-09T17:27:41.866Z] Platform:      darwin
[debug] [2018-10-09T17:27:41.866Z] Node Version:  v10.1.0
[debug] [2018-10-09T17:27:41.867Z] Time:          Tue Oct 09 2018 13:27:41 GMT-0400 (EDT)
[debug] [2018-10-09T17:27:41.867Z] ----------------------------------------------------------------------
[debug] 
[debug] [2018-10-09T17:27:41.876Z] > command requires scopes: ["email","openid","https://www.googleapis.com/auth/cloudplatformprojects.readonly","https://www.googleapis.com/auth/firebase","https://www.googleapis.com/auth/cloud-platform"]
[debug] [2018-10-09T17:27:41.876Z] > authorizing via signed-in user
[debug] [2018-10-09T17:27:41.876Z] [iam] checking project pss-speed for permissions ["firebase.projects.get"]
[debug] [2018-10-09T17:27:41.878Z] >>> HTTP REQUEST POST https://cloudresourcemanager.googleapis.com/v1/projects/pss-speed:testIamPermissions  

[debug] [2018-10-09T17:27:42.074Z] <<< HTTP RESPONSE 200
[debug] [2018-10-09T17:27:42.075Z] >>> HTTP REQUEST GET https://cloudresourcemanager.googleapis.com/v1/projects/pss-speed  
 
[debug] [2018-10-09T17:27:42.272Z] <<< HTTP RESPONSE 200
[info] 
[info] === Serving from '/Users/mayur_vekariya/zz/vue-hero'...
[info] 
[debug] [2018-10-09T17:27:42.715Z] Error: EACCES: permission denied, mkdir '/usr/local/lib/node_modules/firebase-tools/node_modules/@google-cloud/functions-emulator/logs'
    at Object.fs.mkdirSync (fs.js:854:3)
    at Object.assertLogsPath (/usr/local/lib/node_modules/firebase-tools/node_modules/@google-cloud/functions-emulator/src/emulator/logs.js:65:10)
    at new Controller (/usr/local/lib/node_modules/firebase-tools/node_modules/@google-cloud/functions-emulator/src/cli/controller.js:77:32)
    at FunctionsEmulator.start (/usr/local/lib/node_modules/firebase-tools/lib/functionsEmulator.js:113:21)
    at Object.start (/usr/local/lib/node_modules/firebase-tools/lib/serve/functions.js:9:29)
    at /usr/local/lib/node_modules/firebase-tools/lib/serve/index.js:17:21
    at arrayMap (/usr/local/lib/node_modules/firebase-tools/node_modules/lodash/lodash.js:639:23)
    at Function.map (/usr/local/lib/node_modules/firebase-tools/node_modules/lodash/lodash.js:9556:14)
    at _serve (/usr/local/lib/node_modules/firebase-tools/lib/serve/index.js:15:7)
    at Command._action (/usr/local/lib/node_modules/firebase-tools/commands/serve.js:47:12)
[error] 
[error] Error: An unexpected error has occurred.
